<?xml version="1.0" encoding="UTF-8"?>
<testsuite xmlns:xsi="http://www.w3.org/2001/XMLSchema-instance" xsi:noNamespaceSchemaLocation="https://maven.apache.org/surefire/maven-surefire-plugin/xsd/surefire-test-report-3.0.xsd" version="3.0" name="com.example.proyectonico.SpringFirstProjectTests" time="0.602" tests="1" errors="1" skipped="0" failures="0">
  <properties>
    <property name="java.specification.version" value="21"/>
    <property name="sun.cpu.isalist" value="amd64"/>
    <property name="sun.jnu.encoding" value="Cp1252"/>
    <property name="java.class.path" value="c:\Users\Administrador\OneDrive\Documents\GitHub\SpringProject\target\test-classes;c:\Users\Administrador\OneDrive\Documents\GitHub\SpringProject\target\classes;C:\Users\Administrador\.m2\repository\org\springframework\boot\spring-boot-starter-actuator\3.3.10\spring-boot-starter-actuator-3.3.10.jar;C:\Users\Administrador\.m2\repository\org\springframework\boot\spring-boot-starter\3.3.10\spring-boot-starter-3.3.10.jar;C:\Users\Administrador\.m2\repository\org\springframework\boot\spring-boot-starter-logging\3.3.10\spring-boot-starter-logging-3.3.10.jar;C:\Users\Administrador\.m2\repository\ch\qos\logback\logback-classic\1.5.18\logback-classic-1.5.18.jar;C:\Users\Administrador\.m2\repository\ch\qos\logback\logback-core\1.5.18\logback-core-1.5.18.jar;C:\Users\Administrador\.m2\repository\org\apache\logging\log4j\log4j-to-slf4j\2.23.1\log4j-to-slf4j-2.23.1.jar;C:\Users\Administrador\.m2\repository\org\apache\logging\log4j\log4j-api\2.23.1\log4j-api-2.23.1.jar;C:\Users\Administrador\.m2\repository\org\slf4j\jul-to-slf4j\2.0.17\jul-to-slf4j-2.0.17.jar;C:\Users\Administrador\.m2\repository\jakarta\annotation\jakarta.annotation-api\2.1.1\jakarta.annotation-api-2.1.1.jar;C:\Users\Administrador\.m2\repository\org\yaml\snakeyaml\2.2\snakeyaml-2.2.jar;C:\Users\Administrador\.m2\repository\org\springframework\boot\spring-boot-actuator-autoconfigure\3.3.10\spring-boot-actuator-autoconfigure-3.3.10.jar;C:\Users\Administrador\.m2\repository\org\springframework\boot\spring-boot-actuator\3.3.10\spring-boot-actuator-3.3.10.jar;C:\Users\Administrador\.m2\repository\com\fasterxml\jackson\core\jackson-databind\2.17.3\jackson-databind-2.17.3.jar;C:\Users\Administrador\.m2\repository\com\fasterxml\jackson\core\jackson-annotations\2.17.3\jackson-annotations-2.17.3.jar;C:\Users\Administrador\.m2\repository\com\fasterxml\jackson\core\jackson-core\2.17.3\jackson-core-2.17.3.jar;C:\Users\Administrador\.m2\repository\com\fasterxml\jackson\datatype\jackson-datatype-jsr310\2.17.3\jackson-datatype-jsr310-2.17.3.jar;C:\Users\Administrador\.m2\repository\io\micrometer\micrometer-observation\1.13.12\micrometer-observation-1.13.12.jar;C:\Users\Administrador\.m2\repository\io\micrometer\micrometer-commons\1.13.12\micrometer-commons-1.13.12.jar;C:\Users\Administrador\.m2\repository\io\micrometer\micrometer-jakarta9\1.13.12\micrometer-jakarta9-1.13.12.jar;C:\Users\Administrador\.m2\repository\io\micrometer\micrometer-core\1.13.12\micrometer-core-1.13.12.jar;C:\Users\Administrador\.m2\repository\org\hdrhistogram\HdrHistogram\2.2.2\HdrHistogram-2.2.2.jar;C:\Users\Administrador\.m2\repository\org\latencyutils\LatencyUtils\2.0.3\LatencyUtils-2.0.3.jar;C:\Users\Administrador\.m2\repository\org\springframework\boot\spring-boot-starter-data-jpa\3.3.10\spring-boot-starter-data-jpa-3.3.10.jar;C:\Users\Administrador\.m2\repository\org\springframework\boot\spring-boot-starter-aop\3.3.10\spring-boot-starter-aop-3.3.10.jar;C:\Users\Administrador\.m2\repository\org\aspectj\aspectjweaver\1.9.23\aspectjweaver-1.9.23.jar;C:\Users\Administrador\.m2\repository\org\springframework\boot\spring-boot-starter-jdbc\3.3.10\spring-boot-starter-jdbc-3.3.10.jar;C:\Users\Administrador\.m2\repository\com\zaxxer\HikariCP\5.1.0\HikariCP-5.1.0.jar;C:\Users\Administrador\.m2\repository\org\springframework\spring-jdbc\6.1.18\spring-jdbc-6.1.18.jar;C:\Users\Administrador\.m2\repository\org\hibernate\orm\hibernate-core\6.5.3.Final\hibernate-core-6.5.3.Final.jar;C:\Users\Administrador\.m2\repository\jakarta\persistence\jakarta.persistence-api\3.1.0\jakarta.persistence-api-3.1.0.jar;C:\Users\Administrador\.m2\repository\jakarta\transaction\jakarta.transaction-api\2.0.1\jakarta.transaction-api-2.0.1.jar;C:\Users\Administrador\.m2\repository\org\jboss\logging\jboss-logging\3.5.3.Final\jboss-logging-3.5.3.Final.jar;C:\Users\Administrador\.m2\repository\org\hibernate\common\hibernate-commons-annotations\6.0.6.Final\hibernate-commons-annotations-6.0.6.Final.jar;C:\Users\Administrador\.m2\repository\io\smallrye\jandex\3.1.2\jandex-3.1.2.jar;C:\Users\Administrador\.m2\repository\com\fasterxml\classmate\1.7.0\classmate-1.7.0.jar;C:\Users\Administrador\.m2\repository\net\bytebuddy\byte-buddy\1.14.19\byte-buddy-1.14.19.jar;C:\Users\Administrador\.m2\repository\org\glassfish\jaxb\jaxb-runtime\4.0.5\jaxb-runtime-4.0.5.jar;C:\Users\Administrador\.m2\repository\org\glassfish\jaxb\jaxb-core\4.0.5\jaxb-core-4.0.5.jar;C:\Users\Administrador\.m2\repository\org\eclipse\angus\angus-activation\2.0.2\angus-activation-2.0.2.jar;C:\Users\Administrador\.m2\repository\org\glassfish\jaxb\txw2\4.0.5\txw2-4.0.5.jar;C:\Users\Administrador\.m2\repository\com\sun\istack\istack-commons-runtime\4.1.2\istack-commons-runtime-4.1.2.jar;C:\Users\Administrador\.m2\repository\jakarta\inject\jakarta.inject-api\2.0.1\jakarta.inject-api-2.0.1.jar;C:\Users\Administrador\.m2\repository\org\antlr\antlr4-runtime\4.13.0\antlr4-runtime-4.13.0.jar;C:\Users\Administrador\.m2\repository\org\springframework\data\spring-data-jpa\3.3.10\spring-data-jpa-3.3.10.jar;C:\Users\Administrador\.m2\repository\org\springframework\data\spring-data-commons\3.3.10\spring-data-commons-3.3.10.jar;C:\Users\Administrador\.m2\repository\org\springframework\spring-orm\6.1.18\spring-orm-6.1.18.jar;C:\Users\Administrador\.m2\repository\org\springframework\spring-context\6.1.18\spring-context-6.1.18.jar;C:\Users\Administrador\.m2\repository\org\springframework\spring-tx\6.1.18\spring-tx-6.1.18.jar;C:\Users\Administrador\.m2\repository\org\springframework\spring-beans\6.1.18\spring-beans-6.1.18.jar;C:\Users\Administrador\.m2\repository\org\springframework\spring-aspects\6.1.18\spring-aspects-6.1.18.jar;C:\Users\Administrador\.m2\repository\org\springframework\boot\spring-boot-starter-security\3.3.10\spring-boot-starter-security-3.3.10.jar;C:\Users\Administrador\.m2\repository\org\springframework\spring-aop\6.1.18\spring-aop-6.1.18.jar;C:\Users\Administrador\.m2\repository\org\springframework\security\spring-security-config\6.3.8\spring-security-config-6.3.8.jar;C:\Users\Administrador\.m2\repository\org\springframework\security\spring-security-web\6.3.8\spring-security-web-6.3.8.jar;C:\Users\Administrador\.m2\repository\org\springframework\spring-expression\6.1.18\spring-expression-6.1.18.jar;C:\Users\Administrador\.m2\repository\org\springframework\boot\spring-boot-starter-thymeleaf\3.3.10\spring-boot-starter-thymeleaf-3.3.10.jar;C:\Users\Administrador\.m2\repository\org\thymeleaf\thymeleaf-spring6\3.1.3.RELEASE\thymeleaf-spring6-3.1.3.RELEASE.jar;C:\Users\Administrador\.m2\repository\org\thymeleaf\thymeleaf\3.1.3.RELEASE\thymeleaf-3.1.3.RELEASE.jar;C:\Users\Administrador\.m2\repository\org\attoparser\attoparser\2.0.7.RELEASE\attoparser-2.0.7.RELEASE.jar;C:\Users\Administrador\.m2\repository\org\unbescape\unbescape\1.1.6.RELEASE\unbescape-1.1.6.RELEASE.jar;C:\Users\Administrador\.m2\repository\org\springframework\boot\spring-boot-starter-web\3.3.10\spring-boot-starter-web-3.3.10.jar;C:\Users\Administrador\.m2\repository\org\springframework\boot\spring-boot-starter-json\3.3.10\spring-boot-starter-json-3.3.10.jar;C:\Users\Administrador\.m2\repository\com\fasterxml\jackson\datatype\jackson-datatype-jdk8\2.17.3\jackson-datatype-jdk8-2.17.3.jar;C:\Users\Administrador\.m2\repository\com\fasterxml\jackson\module\jackson-module-parameter-names\2.17.3\jackson-module-parameter-names-2.17.3.jar;C:\Users\Administrador\.m2\repository\org\springframework\boot\spring-boot-starter-tomcat\3.3.10\spring-boot-starter-tomcat-3.3.10.jar;C:\Users\Administrador\.m2\repository\org\apache\tomcat\embed\tomcat-embed-core\10.1.39\tomcat-embed-core-10.1.39.jar;C:\Users\Administrador\.m2\repository\org\apache\tomcat\embed\tomcat-embed-websocket\10.1.39\tomcat-embed-websocket-10.1.39.jar;C:\Users\Administrador\.m2\repository\org\springframework\spring-web\6.1.18\spring-web-6.1.18.jar;C:\Users\Administrador\.m2\repository\org\springframework\spring-webmvc\6.1.18\spring-webmvc-6.1.18.jar;C:\Users\Administrador\.m2\repository\org\thymeleaf\extras\thymeleaf-extras-springsecurity6\3.1.3.RELEASE\thymeleaf-extras-springsecurity6-3.1.3.RELEASE.jar;C:\Users\Administrador\.m2\repository\org\slf4j\slf4j-api\2.0.17\slf4j-api-2.0.17.jar;C:\Users\Administrador\.m2\repository\org\springframework\boot\spring-boot-devtools\3.3.10\spring-boot-devtools-3.3.10.jar;C:\Users\Administrador\.m2\repository\org\springframework\boot\spring-boot\3.3.10\spring-boot-3.3.10.jar;C:\Users\Administrador\.m2\repository\org\springframework\boot\spring-boot-autoconfigure\3.3.10\spring-boot-autoconfigure-3.3.10.jar;C:\Users\Administrador\.m2\repository\org\postgresql\postgresql\42.7.5\postgresql-42.7.5.jar;C:\Users\Administrador\.m2\repository\org\checkerframework\checker-qual\3.48.3\checker-qual-3.48.3.jar;C:\Users\Administrador\.m2\repository\org\projectlombok\lombok\1.18.36\lombok-1.18.36.jar;C:\Users\Administrador\.m2\repository\org\springframework\boot\spring-boot-starter-test\3.3.10\spring-boot-starter-test-3.3.10.jar;C:\Users\Administrador\.m2\repository\org\springframework\boot\spring-boot-test\3.3.10\spring-boot-test-3.3.10.jar;C:\Users\Administrador\.m2\repository\org\springframework\boot\spring-boot-test-autoconfigure\3.3.10\spring-boot-test-autoconfigure-3.3.10.jar;C:\Users\Administrador\.m2\repository\com\jayway\jsonpath\json-path\2.9.0\json-path-2.9.0.jar;C:\Users\Administrador\.m2\repository\jakarta\xml\bind\jakarta.xml.bind-api\4.0.2\jakarta.xml.bind-api-4.0.2.jar;C:\Users\Administrador\.m2\repository\jakarta\activation\jakarta.activation-api\2.1.3\jakarta.activation-api-2.1.3.jar;C:\Users\Administrador\.m2\repository\net\minidev\json-smart\2.5.2\json-smart-2.5.2.jar;C:\Users\Administrador\.m2\repository\net\minidev\accessors-smart\2.5.2\accessors-smart-2.5.2.jar;C:\Users\Administrador\.m2\repository\org\ow2\asm\asm\9.7.1\asm-9.7.1.jar;C:\Users\Administrador\.m2\repository\org\assertj\assertj-core\3.25.3\assertj-core-3.25.3.jar;C:\Users\Administrador\.m2\repository\org\awaitility\awaitility\4.2.2\awaitility-4.2.2.jar;C:\Users\Administrador\.m2\repository\org\hamcrest\hamcrest\2.2\hamcrest-2.2.jar;C:\Users\Administrador\.m2\repository\org\junit\jupiter\junit-jupiter\5.10.5\junit-jupiter-5.10.5.jar;C:\Users\Administrador\.m2\repository\org\junit\jupiter\junit-jupiter-api\5.10.5\junit-jupiter-api-5.10.5.jar;C:\Users\Administrador\.m2\repository\org\opentest4j\opentest4j\1.3.0\opentest4j-1.3.0.jar;C:\Users\Administrador\.m2\repository\org\junit\platform\junit-platform-commons\1.10.5\junit-platform-commons-1.10.5.jar;C:\Users\Administrador\.m2\repository\org\apiguardian\apiguardian-api\1.1.2\apiguardian-api-1.1.2.jar;C:\Users\Administrador\.m2\repository\org\junit\jupiter\junit-jupiter-params\5.10.5\junit-jupiter-params-5.10.5.jar;C:\Users\Administrador\.m2\repository\org\junit\jupiter\junit-jupiter-engine\5.10.5\junit-jupiter-engine-5.10.5.jar;C:\Users\Administrador\.m2\repository\org\junit\platform\junit-platform-engine\1.10.5\junit-platform-engine-1.10.5.jar;C:\Users\Administrador\.m2\repository\org\mockito\mockito-core\5.11.0\mockito-core-5.11.0.jar;C:\Users\Administrador\.m2\repository\net\bytebuddy\byte-buddy-agent\1.14.19\byte-buddy-agent-1.14.19.jar;C:\Users\Administrador\.m2\repository\org\objenesis\objenesis\3.3\objenesis-3.3.jar;C:\Users\Administrador\.m2\repository\org\mockito\mockito-junit-jupiter\5.11.0\mockito-junit-jupiter-5.11.0.jar;C:\Users\Administrador\.m2\repository\org\skyscreamer\jsonassert\1.5.3\jsonassert-1.5.3.jar;C:\Users\Administrador\.m2\repository\com\vaadin\external\google\android-json\0.0.20131108.vaadin1\android-json-0.0.20131108.vaadin1.jar;C:\Users\Administrador\.m2\repository\org\springframework\spring-core\6.1.18\spring-core-6.1.18.jar;C:\Users\Administrador\.m2\repository\org\springframework\spring-jcl\6.1.18\spring-jcl-6.1.18.jar;C:\Users\Administrador\.m2\repository\org\springframework\spring-test\6.1.18\spring-test-6.1.18.jar;C:\Users\Administrador\.m2\repository\org\xmlunit\xmlunit-core\2.9.1\xmlunit-core-2.9.1.jar;C:\Users\Administrador\.m2\repository\org\springframework\security\spring-security-test\6.3.8\spring-security-test-6.3.8.jar;C:\Users\Administrador\.m2\repository\org\springframework\security\spring-security-core\6.3.8\spring-security-core-6.3.8.jar;C:\Users\Administrador\.m2\repository\org\springframework\security\spring-security-crypto\6.3.8\spring-security-crypto-6.3.8.jar;C:\Users\Administrador\.m2\repository\org\springframework\boot\spring-boot-starter-validation\3.3.10\spring-boot-starter-validation-3.3.10.jar;C:\Users\Administrador\.m2\repository\org\apache\tomcat\embed\tomcat-embed-el\10.1.39\tomcat-embed-el-10.1.39.jar;C:\Users\Administrador\.m2\repository\org\hibernate\validator\hibernate-validator\8.0.2.Final\hibernate-validator-8.0.2.Final.jar;C:\Users\Administrador\.m2\repository\jakarta\validation\jakarta.validation-api\3.0.2\jakarta.validation-api-3.0.2.jar;"/>
    <property name="java.vm.vendor" value="Oracle Corporation"/>
    <property name="sun.arch.data.model" value="64"/>
    <property name="user.variant" value=""/>
    <property name="java.vendor.url" value="https://java.oracle.com/"/>
    <property name="user.timezone" value="Europe/Paris"/>
    <property name="user.country.format" value="US"/>
    <property name="os.name" value="Windows 10"/>
    <property name="java.vm.specification.version" value="21"/>
    <property name="sun.java.launcher" value="SUN_STANDARD"/>
    <property name="user.country" value="ES"/>
    <property name="sun.boot.library.path" value="C:\Program Files\Java\jdk-21\bin"/>
    <property name="sun.java.command" value="C:\Users\Administrador\AppData\Local\Temp\surefire2486131083132957029\surefirebooter-20250511203934746_3.jar C:\Users\Administrador\AppData\Local\Temp\surefire2486131083132957029 2025-05-11T20-39-34_015-jvmRun1 surefire-20250511203934746_1tmp surefire_0-20250511203934746_2tmp"/>
    <property name="jdk.debug" value="release"/>
    <property name="surefire.test.class.path" value="c:\Users\Administrador\OneDrive\Documents\GitHub\SpringProject\target\test-classes;c:\Users\Administrador\OneDrive\Documents\GitHub\SpringProject\target\classes;C:\Users\Administrador\.m2\repository\org\springframework\boot\spring-boot-starter-actuator\3.3.10\spring-boot-starter-actuator-3.3.10.jar;C:\Users\Administrador\.m2\repository\org\springframework\boot\spring-boot-starter\3.3.10\spring-boot-starter-3.3.10.jar;C:\Users\Administrador\.m2\repository\org\springframework\boot\spring-boot-starter-logging\3.3.10\spring-boot-starter-logging-3.3.10.jar;C:\Users\Administrador\.m2\repository\ch\qos\logback\logback-classic\1.5.18\logback-classic-1.5.18.jar;C:\Users\Administrador\.m2\repository\ch\qos\logback\logback-core\1.5.18\logback-core-1.5.18.jar;C:\Users\Administrador\.m2\repository\org\apache\logging\log4j\log4j-to-slf4j\2.23.1\log4j-to-slf4j-2.23.1.jar;C:\Users\Administrador\.m2\repository\org\apache\logging\log4j\log4j-api\2.23.1\log4j-api-2.23.1.jar;C:\Users\Administrador\.m2\repository\org\slf4j\jul-to-slf4j\2.0.17\jul-to-slf4j-2.0.17.jar;C:\Users\Administrador\.m2\repository\jakarta\annotation\jakarta.annotation-api\2.1.1\jakarta.annotation-api-2.1.1.jar;C:\Users\Administrador\.m2\repository\org\yaml\snakeyaml\2.2\snakeyaml-2.2.jar;C:\Users\Administrador\.m2\repository\org\springframework\boot\spring-boot-actuator-autoconfigure\3.3.10\spring-boot-actuator-autoconfigure-3.3.10.jar;C:\Users\Administrador\.m2\repository\org\springframework\boot\spring-boot-actuator\3.3.10\spring-boot-actuator-3.3.10.jar;C:\Users\Administrador\.m2\repository\com\fasterxml\jackson\core\jackson-databind\2.17.3\jackson-databind-2.17.3.jar;C:\Users\Administrador\.m2\repository\com\fasterxml\jackson\core\jackson-annotations\2.17.3\jackson-annotations-2.17.3.jar;C:\Users\Administrador\.m2\repository\com\fasterxml\jackson\core\jackson-core\2.17.3\jackson-core-2.17.3.jar;C:\Users\Administrador\.m2\repository\com\fasterxml\jackson\datatype\jackson-datatype-jsr310\2.17.3\jackson-datatype-jsr310-2.17.3.jar;C:\Users\Administrador\.m2\repository\io\micrometer\micrometer-observation\1.13.12\micrometer-observation-1.13.12.jar;C:\Users\Administrador\.m2\repository\io\micrometer\micrometer-commons\1.13.12\micrometer-commons-1.13.12.jar;C:\Users\Administrador\.m2\repository\io\micrometer\micrometer-jakarta9\1.13.12\micrometer-jakarta9-1.13.12.jar;C:\Users\Administrador\.m2\repository\io\micrometer\micrometer-core\1.13.12\micrometer-core-1.13.12.jar;C:\Users\Administrador\.m2\repository\org\hdrhistogram\HdrHistogram\2.2.2\HdrHistogram-2.2.2.jar;C:\Users\Administrador\.m2\repository\org\latencyutils\LatencyUtils\2.0.3\LatencyUtils-2.0.3.jar;C:\Users\Administrador\.m2\repository\org\springframework\boot\spring-boot-starter-data-jpa\3.3.10\spring-boot-starter-data-jpa-3.3.10.jar;C:\Users\Administrador\.m2\repository\org\springframework\boot\spring-boot-starter-aop\3.3.10\spring-boot-starter-aop-3.3.10.jar;C:\Users\Administrador\.m2\repository\org\aspectj\aspectjweaver\1.9.23\aspectjweaver-1.9.23.jar;C:\Users\Administrador\.m2\repository\org\springframework\boot\spring-boot-starter-jdbc\3.3.10\spring-boot-starter-jdbc-3.3.10.jar;C:\Users\Administrador\.m2\repository\com\zaxxer\HikariCP\5.1.0\HikariCP-5.1.0.jar;C:\Users\Administrador\.m2\repository\org\springframework\spring-jdbc\6.1.18\spring-jdbc-6.1.18.jar;C:\Users\Administrador\.m2\repository\org\hibernate\orm\hibernate-core\6.5.3.Final\hibernate-core-6.5.3.Final.jar;C:\Users\Administrador\.m2\repository\jakarta\persistence\jakarta.persistence-api\3.1.0\jakarta.persistence-api-3.1.0.jar;C:\Users\Administrador\.m2\repository\jakarta\transaction\jakarta.transaction-api\2.0.1\jakarta.transaction-api-2.0.1.jar;C:\Users\Administrador\.m2\repository\org\jboss\logging\jboss-logging\3.5.3.Final\jboss-logging-3.5.3.Final.jar;C:\Users\Administrador\.m2\repository\org\hibernate\common\hibernate-commons-annotations\6.0.6.Final\hibernate-commons-annotations-6.0.6.Final.jar;C:\Users\Administrador\.m2\repository\io\smallrye\jandex\3.1.2\jandex-3.1.2.jar;C:\Users\Administrador\.m2\repository\com\fasterxml\classmate\1.7.0\classmate-1.7.0.jar;C:\Users\Administrador\.m2\repository\net\bytebuddy\byte-buddy\1.14.19\byte-buddy-1.14.19.jar;C:\Users\Administrador\.m2\repository\org\glassfish\jaxb\jaxb-runtime\4.0.5\jaxb-runtime-4.0.5.jar;C:\Users\Administrador\.m2\repository\org\glassfish\jaxb\jaxb-core\4.0.5\jaxb-core-4.0.5.jar;C:\Users\Administrador\.m2\repository\org\eclipse\angus\angus-activation\2.0.2\angus-activation-2.0.2.jar;C:\Users\Administrador\.m2\repository\org\glassfish\jaxb\txw2\4.0.5\txw2-4.0.5.jar;C:\Users\Administrador\.m2\repository\com\sun\istack\istack-commons-runtime\4.1.2\istack-commons-runtime-4.1.2.jar;C:\Users\Administrador\.m2\repository\jakarta\inject\jakarta.inject-api\2.0.1\jakarta.inject-api-2.0.1.jar;C:\Users\Administrador\.m2\repository\org\antlr\antlr4-runtime\4.13.0\antlr4-runtime-4.13.0.jar;C:\Users\Administrador\.m2\repository\org\springframework\data\spring-data-jpa\3.3.10\spring-data-jpa-3.3.10.jar;C:\Users\Administrador\.m2\repository\org\springframework\data\spring-data-commons\3.3.10\spring-data-commons-3.3.10.jar;C:\Users\Administrador\.m2\repository\org\springframework\spring-orm\6.1.18\spring-orm-6.1.18.jar;C:\Users\Administrador\.m2\repository\org\springframework\spring-context\6.1.18\spring-context-6.1.18.jar;C:\Users\Administrador\.m2\repository\org\springframework\spring-tx\6.1.18\spring-tx-6.1.18.jar;C:\Users\Administrador\.m2\repository\org\springframework\spring-beans\6.1.18\spring-beans-6.1.18.jar;C:\Users\Administrador\.m2\repository\org\springframework\spring-aspects\6.1.18\spring-aspects-6.1.18.jar;C:\Users\Administrador\.m2\repository\org\springframework\boot\spring-boot-starter-security\3.3.10\spring-boot-starter-security-3.3.10.jar;C:\Users\Administrador\.m2\repository\org\springframework\spring-aop\6.1.18\spring-aop-6.1.18.jar;C:\Users\Administrador\.m2\repository\org\springframework\security\spring-security-config\6.3.8\spring-security-config-6.3.8.jar;C:\Users\Administrador\.m2\repository\org\springframework\security\spring-security-web\6.3.8\spring-security-web-6.3.8.jar;C:\Users\Administrador\.m2\repository\org\springframework\spring-expression\6.1.18\spring-expression-6.1.18.jar;C:\Users\Administrador\.m2\repository\org\springframework\boot\spring-boot-starter-thymeleaf\3.3.10\spring-boot-starter-thymeleaf-3.3.10.jar;C:\Users\Administrador\.m2\repository\org\thymeleaf\thymeleaf-spring6\3.1.3.RELEASE\thymeleaf-spring6-3.1.3.RELEASE.jar;C:\Users\Administrador\.m2\repository\org\thymeleaf\thymeleaf\3.1.3.RELEASE\thymeleaf-3.1.3.RELEASE.jar;C:\Users\Administrador\.m2\repository\org\attoparser\attoparser\2.0.7.RELEASE\attoparser-2.0.7.RELEASE.jar;C:\Users\Administrador\.m2\repository\org\unbescape\unbescape\1.1.6.RELEASE\unbescape-1.1.6.RELEASE.jar;C:\Users\Administrador\.m2\repository\org\springframework\boot\spring-boot-starter-web\3.3.10\spring-boot-starter-web-3.3.10.jar;C:\Users\Administrador\.m2\repository\org\springframework\boot\spring-boot-starter-json\3.3.10\spring-boot-starter-json-3.3.10.jar;C:\Users\Administrador\.m2\repository\com\fasterxml\jackson\datatype\jackson-datatype-jdk8\2.17.3\jackson-datatype-jdk8-2.17.3.jar;C:\Users\Administrador\.m2\repository\com\fasterxml\jackson\module\jackson-module-parameter-names\2.17.3\jackson-module-parameter-names-2.17.3.jar;C:\Users\Administrador\.m2\repository\org\springframework\boot\spring-boot-starter-tomcat\3.3.10\spring-boot-starter-tomcat-3.3.10.jar;C:\Users\Administrador\.m2\repository\org\apache\tomcat\embed\tomcat-embed-core\10.1.39\tomcat-embed-core-10.1.39.jar;C:\Users\Administrador\.m2\repository\org\apache\tomcat\embed\tomcat-embed-websocket\10.1.39\tomcat-embed-websocket-10.1.39.jar;C:\Users\Administrador\.m2\repository\org\springframework\spring-web\6.1.18\spring-web-6.1.18.jar;C:\Users\Administrador\.m2\repository\org\springframework\spring-webmvc\6.1.18\spring-webmvc-6.1.18.jar;C:\Users\Administrador\.m2\repository\org\thymeleaf\extras\thymeleaf-extras-springsecurity6\3.1.3.RELEASE\thymeleaf-extras-springsecurity6-3.1.3.RELEASE.jar;C:\Users\Administrador\.m2\repository\org\slf4j\slf4j-api\2.0.17\slf4j-api-2.0.17.jar;C:\Users\Administrador\.m2\repository\org\springframework\boot\spring-boot-devtools\3.3.10\spring-boot-devtools-3.3.10.jar;C:\Users\Administrador\.m2\repository\org\springframework\boot\spring-boot\3.3.10\spring-boot-3.3.10.jar;C:\Users\Administrador\.m2\repository\org\springframework\boot\spring-boot-autoconfigure\3.3.10\spring-boot-autoconfigure-3.3.10.jar;C:\Users\Administrador\.m2\repository\org\postgresql\postgresql\42.7.5\postgresql-42.7.5.jar;C:\Users\Administrador\.m2\repository\org\checkerframework\checker-qual\3.48.3\checker-qual-3.48.3.jar;C:\Users\Administrador\.m2\repository\org\projectlombok\lombok\1.18.36\lombok-1.18.36.jar;C:\Users\Administrador\.m2\repository\org\springframework\boot\spring-boot-starter-test\3.3.10\spring-boot-starter-test-3.3.10.jar;C:\Users\Administrador\.m2\repository\org\springframework\boot\spring-boot-test\3.3.10\spring-boot-test-3.3.10.jar;C:\Users\Administrador\.m2\repository\org\springframework\boot\spring-boot-test-autoconfigure\3.3.10\spring-boot-test-autoconfigure-3.3.10.jar;C:\Users\Administrador\.m2\repository\com\jayway\jsonpath\json-path\2.9.0\json-path-2.9.0.jar;C:\Users\Administrador\.m2\repository\jakarta\xml\bind\jakarta.xml.bind-api\4.0.2\jakarta.xml.bind-api-4.0.2.jar;C:\Users\Administrador\.m2\repository\jakarta\activation\jakarta.activation-api\2.1.3\jakarta.activation-api-2.1.3.jar;C:\Users\Administrador\.m2\repository\net\minidev\json-smart\2.5.2\json-smart-2.5.2.jar;C:\Users\Administrador\.m2\repository\net\minidev\accessors-smart\2.5.2\accessors-smart-2.5.2.jar;C:\Users\Administrador\.m2\repository\org\ow2\asm\asm\9.7.1\asm-9.7.1.jar;C:\Users\Administrador\.m2\repository\org\assertj\assertj-core\3.25.3\assertj-core-3.25.3.jar;C:\Users\Administrador\.m2\repository\org\awaitility\awaitility\4.2.2\awaitility-4.2.2.jar;C:\Users\Administrador\.m2\repository\org\hamcrest\hamcrest\2.2\hamcrest-2.2.jar;C:\Users\Administrador\.m2\repository\org\junit\jupiter\junit-jupiter\5.10.5\junit-jupiter-5.10.5.jar;C:\Users\Administrador\.m2\repository\org\junit\jupiter\junit-jupiter-api\5.10.5\junit-jupiter-api-5.10.5.jar;C:\Users\Administrador\.m2\repository\org\opentest4j\opentest4j\1.3.0\opentest4j-1.3.0.jar;C:\Users\Administrador\.m2\repository\org\junit\platform\junit-platform-commons\1.10.5\junit-platform-commons-1.10.5.jar;C:\Users\Administrador\.m2\repository\org\apiguardian\apiguardian-api\1.1.2\apiguardian-api-1.1.2.jar;C:\Users\Administrador\.m2\repository\org\junit\jupiter\junit-jupiter-params\5.10.5\junit-jupiter-params-5.10.5.jar;C:\Users\Administrador\.m2\repository\org\junit\jupiter\junit-jupiter-engine\5.10.5\junit-jupiter-engine-5.10.5.jar;C:\Users\Administrador\.m2\repository\org\junit\platform\junit-platform-engine\1.10.5\junit-platform-engine-1.10.5.jar;C:\Users\Administrador\.m2\repository\org\mockito\mockito-core\5.11.0\mockito-core-5.11.0.jar;C:\Users\Administrador\.m2\repository\net\bytebuddy\byte-buddy-agent\1.14.19\byte-buddy-agent-1.14.19.jar;C:\Users\Administrador\.m2\repository\org\objenesis\objenesis\3.3\objenesis-3.3.jar;C:\Users\Administrador\.m2\repository\org\mockito\mockito-junit-jupiter\5.11.0\mockito-junit-jupiter-5.11.0.jar;C:\Users\Administrador\.m2\repository\org\skyscreamer\jsonassert\1.5.3\jsonassert-1.5.3.jar;C:\Users\Administrador\.m2\repository\com\vaadin\external\google\android-json\0.0.20131108.vaadin1\android-json-0.0.20131108.vaadin1.jar;C:\Users\Administrador\.m2\repository\org\springframework\spring-core\6.1.18\spring-core-6.1.18.jar;C:\Users\Administrador\.m2\repository\org\springframework\spring-jcl\6.1.18\spring-jcl-6.1.18.jar;C:\Users\Administrador\.m2\repository\org\springframework\spring-test\6.1.18\spring-test-6.1.18.jar;C:\Users\Administrador\.m2\repository\org\xmlunit\xmlunit-core\2.9.1\xmlunit-core-2.9.1.jar;C:\Users\Administrador\.m2\repository\org\springframework\security\spring-security-test\6.3.8\spring-security-test-6.3.8.jar;C:\Users\Administrador\.m2\repository\org\springframework\security\spring-security-core\6.3.8\spring-security-core-6.3.8.jar;C:\Users\Administrador\.m2\repository\org\springframework\security\spring-security-crypto\6.3.8\spring-security-crypto-6.3.8.jar;C:\Users\Administrador\.m2\repository\org\springframework\boot\spring-boot-starter-validation\3.3.10\spring-boot-starter-validation-3.3.10.jar;C:\Users\Administrador\.m2\repository\org\apache\tomcat\embed\tomcat-embed-el\10.1.39\tomcat-embed-el-10.1.39.jar;C:\Users\Administrador\.m2\repository\org\hibernate\validator\hibernate-validator\8.0.2.Final\hibernate-validator-8.0.2.Final.jar;C:\Users\Administrador\.m2\repository\jakarta\validation\jakarta.validation-api\3.0.2\jakarta.validation-api-3.0.2.jar;"/>
    <property name="sun.cpu.endian" value="little"/>
    <property name="user.home" value="C:\Users\Administrador"/>
    <property name="user.language" value="es"/>
    <property name="java.specification.vendor" value="Oracle Corporation"/>
    <property name="java.version.date" value="2024-10-15"/>
    <property name="java.home" value="C:\Program Files\Java\jdk-21"/>
    <property name="file.separator" value="\"/>
    <property name="basedir" value="c:\Users\Administrador\OneDrive\Documents\GitHub\SpringProject"/>
    <property name="java.vm.compressedOopsMode" value="Zero based"/>
    <property name="line.separator" value="&#10;"/>
    <property name="java.vm.specification.vendor" value="Oracle Corporation"/>
    <property name="java.specification.name" value="Java Platform API Specification"/>
    <property name="surefire.real.class.path" value="C:\Users\Administrador\AppData\Local\Temp\surefire2486131083132957029\surefirebooter-20250511203934746_3.jar"/>
    <property name="user.script" value=""/>
    <property name="sun.management.compiler" value="HotSpot 64-Bit Tiered Compilers"/>
    <property name="java.runtime.version" value="21.0.5+9-LTS-239"/>
    <property name="user.name" value="Administrador"/>
    <property name="stdout.encoding" value="Cp1252"/>
    <property name="path.separator" value=";"/>
    <property name="os.version" value="10.0"/>
    <property name="java.runtime.name" value="Java(TM) SE Runtime Environment"/>
    <property name="file.encoding" value="UTF-8"/>
    <property name="java.vm.name" value="Java HotSpot(TM) 64-Bit Server VM"/>
    <property name="localRepository" value="C:\Users\Administrador\.m2\repository"/>
    <property name="java.vendor.url.bug" value="https://bugreport.java.com/bugreport/"/>
    <property name="java.io.tmpdir" value="C:\Users\ADMINI~1\AppData\Local\Temp\"/>
    <property name="java.version" value="21.0.5"/>
    <property name="user.dir" value="c:\Users\Administrador\OneDrive\Documents\GitHub\SpringProject"/>
    <property name="os.arch" value="amd64"/>
    <property name="java.vm.specification.name" value="Java Virtual Machine Specification"/>
    <property name="user.language.format" value="en"/>
    <property name="sun.os.patch.level" value=""/>
    <property name="native.encoding" value="Cp1252"/>
    <property name="java.library.path" value="C:\Program Files\Java\jdk-21\bin;C:\windows\Sun\Java\bin;C:\windows\system32;C:\windows;C:\Program Files\OpenLogic\jdk-8.0.432.06-hotspot\bin;C:\Program Files\Common Files\Oracle\Java\javapath;C:\Program Files (x86)\Common Files\Oracle\Java\java8path;C:\Program Files (x86)\Common Files\Oracle\Java\javapath;C:\windows\system32;C:\windows;C:\windows\System32\Wbem;C:\windows\System32\WindowsPowerShell\v1.0\;C:\windows\System32\OpenSSH\;C:\Users\Administrador\Downloads\AutoFirma\AutoFirma;C:\Program Files\Java\jdk-17\bin;C:\Program Files\MariaDB\MariaDB Connector C 64-bit\lib\;C:\Program Files\MariaDB\MariaDB Connector C 64-bit\lib\plugin\;C:\Program Files\Git\cmd;C:\Program Files\dotnet\;C:\Program Files (x86)\Windows Kits\10\Windows Performance Toolkit\;C:\Users\Administrador\AppData\Local\Microsoft\WindowsApps;C:\Users\Administrador\.dotnet\tools;C:\ProgramData\Administrador\GitHubDesktop\bin;C:\Users\Administrador\AppData\Local\GitHubDesktop\bin;c:\Users\Administrador\AppData\Roaming\Code\User\globalStorage\github.copilot-chat\debugCommand;."/>
    <property name="java.vm.info" value="mixed mode, sharing"/>
    <property name="stderr.encoding" value="Cp1252"/>
    <property name="java.vendor" value="Oracle Corporation"/>
    <property name="java.vm.version" value="21.0.5+9-LTS-239"/>
    <property name="sun.io.unicode.encoding" value="UnicodeLittle"/>
    <property name="java.class.version" value="65.0"/>
  </properties>
  <testcase name="" classname="com.example.proyectonico.SpringFirstProjectTests" time="0.602">
    <error message="Unable to find a @SpringBootConfiguration by searching packages upwards from the test. You can use @ContextConfiguration, @SpringBootTest(classes=...) or other Spring Test supported mechanisms to explicitly declare the configuration classes to load. Classes annotated with @TestConfiguration are not considered." type="java.lang.IllegalStateException"><![CDATA[java.lang.IllegalStateException: Unable to find a @SpringBootConfiguration by searching packages upwards from the test. You can use @ContextConfiguration, @SpringBootTest(classes=...) or other Spring Test supported mechanisms to explicitly declare the configuration classes to load. Classes annotated with @TestConfiguration are not considered.
	at org.springframework.util.Assert.state(Assert.java:76)
	at org.springframework.boot.test.context.SpringBootTestContextBootstrapper.findConfigurationClass(SpringBootTestContextBootstrapper.java:246)
	at org.springframework.boot.test.context.SpringBootTestContextBootstrapper.getOrFindConfigurationClasses(SpringBootTestContextBootstrapper.java:233)
	at org.springframework.boot.test.context.SpringBootTestContextBootstrapper.processMergedContextConfiguration(SpringBootTestContextBootstrapper.java:150)
	at org.springframework.test.context.support.AbstractTestContextBootstrapper.buildMergedContextConfiguration(AbstractTestContextBootstrapper.java:351)
	at org.springframework.test.context.support.AbstractTestContextBootstrapper.buildDefaultMergedContextConfiguration(AbstractTestContextBootstrapper.java:267)
	at org.springframework.test.context.support.AbstractTestContextBootstrapper.buildMergedContextConfiguration(AbstractTestContextBootstrapper.java:215)
	at org.springframework.test.context.support.AbstractTestContextBootstrapper.buildTestContext(AbstractTestContextBootstrapper.java:108)
	at org.springframework.boot.test.context.SpringBootTestContextBootstrapper.buildTestContext(SpringBootTestContextBootstrapper.java:111)
	at org.springframework.test.context.TestContextManager.<init>(TestContextManager.java:142)
	at org.springframework.test.context.TestContextManager.<init>(TestContextManager.java:126)
	at org.springframework.test.context.junit.jupiter.SpringExtension.getTestContextManager(SpringExtension.java:366)
	at org.springframework.test.context.junit.jupiter.SpringExtension.beforeAll(SpringExtension.java:131)
	at java.base/java.util.ArrayList.forEach(ArrayList.java:1596)
]]></error>
    <system-out><![CDATA[20:39:38.513 [main] INFO org.springframework.test.context.support.AnnotationConfigContextLoaderUtils -- Could not detect default configuration classes for test class [com.example.proyectonico.SpringFirstProjectTests]: SpringFirstProjectTests does not declare any static, non-private, non-final, nested classes annotated with @Configuration.
]]></system-out>
  </testcase>
</testsuite>